[INFO] Scanning for projects...
[INFO] 
[INFO] --< io.devopsnextgenx.microservices.modules:app-eureka-config-service >--
[INFO] Building app-eureka-config-service 0.0.1-SNAPSHOT
[INFO]   from pom.xml
[INFO] --------------------------------[ jar ]---------------------------------
[WARNING] Parameter 'fork' is unknown for plugin 'spring-boot-maven-plugin:3.4.0:stop (defa[INFO[INFO] 
[INFO] --- spring-boot:3.4.0:start (default-cli) @ user-auth-ser[INFO] Att[INFO] ------------Error: Exception thrown b
__________    _____    ________________________  __.____ ________________________
\______   \  /  _  \  /   _____/\_   _____/    |/ _|    |   \______   \_   _____/
 |    |  _/ /  /_\  \ \_____  \  |    __)_|      < |    |   /|    |  _/|    __)_ 
 |    |   \/    |    \/        \ |        \    |  \|    |  / |    |   \|        \
 |______  /\____|__  /_______  //_______  /____|__ \______/  |______  /_______  /
        \/         \/        \/         \/        \/                \/        \/ 

2024-12-21 11:38:01.087 INFO  o.h.v.i.util.Version.<clinit> T[background-preinit] CID[] SVC[] ORIG[] COMP[] ORG[] UID[] SID[] IP[] DUR[] STS[] [] [] HV000001: Hibernate Validator 8.0.1.Final
2024-12-21 11:38:01.149 INFO  i.d.m.m.e.EurekaConfigServerApplication.logStarting T[restartedMain] CID[] SVC[] ORIG[] COMP[] ORG[] UID[] SID[] IP[] DUR[] STS[] [] [] Starting EurekaConfigServerApplication using Java 17.0.8 with PID 32480 (D:\github\devopsnextgenx\app-core-modules\appx-services\app-eureka-config-service\target\classes started by trzxs9 in D:\github\devopsnextgenx\app-core-modules\appx-services\app-eureka-config-service)
2024-12-21 11:38:01.150 INFO  i.d.m.m.e.EurekaConfigServerApplication.logStartupProfileInfo T[restartedMain] CID[] SVC[] ORIG[] COMP[] ORG[] UID[] SID[] IP[] DUR[] STS[] [] [] The following 1 profile is active: "native"
2024-12-21 11:38:01.220 INFO  o.s.b.d.e.DevToolsPropertyDefaultsPostProcessor.logTo T[restartedMain] CID[] SVC[] ORIG[] COMP[] ORG[] UID[] SID[] IP[] DUR[] STS[] [] [] Devtools property defaults active! Set 'spring.devtools.add-properties' to 'false' to disable
2024-12-21 11:38:01.221 INFO  o.s.b.d.e.DevToolsPropertyDefaultsPostProcessor.logTo T[restartedMain] CID[] SVC[] ORIG[] COMP[] ORG[] UID[] SID[] IP[] DUR[] STS[] [] [] For additional web related logging consider setting the 'logging.level.web' property to 'DEBUG'
2024-12-21 11:38:02.590 INFO  o.s.d.r.c.RepositoryConfigurationDelegate.registerRepositoriesIn T[restartedMain] CID[] SVC[] ORIG[] COMP[] ORG[] UID[] SID[] IP[] DUR[] STS[] [] [] Bootstrapping Spring Data JPA repositories in DEFAULT mode.
2024-12-21 11:38:02.609 INFO  o.s.d.r.c.RepositoryConfigurationDelegate.registerRepositoriesIn T[restartedMain] CID[] SVC[] ORIG[] COMP[] ORG[] UID[] SID[] IP[] DUR[] STS[] [] [] Finished Spring Data repository scanning in 9 ms. Found 0 JPA repository interfaces.
2024-12-21 11:38:03.025 INFO  o.s.c.c.scope.GenericScope.s[INFO] ------------------------------------------------------------------------
[INFO] BUILD SUCCESS
[INFO] ------------------------------------------------------------------------
[INFO] Total time:  14.939 s
[INFO] Finished at: 2024-12-21T11:38:11-05:00
[INFO] ------------------------------------------------------------------------
S[] [] [] Post-processing PropertySource instances
2024-12-21 11:38:03.148 INFO  c.u.j.EncryptablePropertySourceConverter.makeEncryptable T[restartedMain] CID[] SVC[] ORIG[] COMP[] ORG[] UID[] SID[] IP[] DUR[] STS[] [] [] Skipping PropertySource configurationProperties [class org.springframework.boot.context.properties.source.ConfigurationPropertySourcesPropertySource
2024-12-21 11:38:03.149 INFO  c.u.j.EncryptablePropertySourceConverter.makeEncryptable T[restartedMain] CID[] SVC[] ORIG[] COMP[] ORG[] UID[] SID[] IP[] DUR[] STS[] [] [] Converting PropertySource commandLineArgs [org.springframework.core.env.SimpleCommandLinePropertySource] to EncryptableEnumerablePropertySourceWrapper
2024-12-21 11:38:03.149 INFO  c.u.j.EncryptablePropertySourceConverter.makeEncryptable T[restartedMain] CID[] SVC[] ORIG[] COMP[] ORG[] UID[] SID[] IP[] DUR[] STS[] [] [] Skipping PropertySource servletConfigInitParams [class org.springframework.core.env.PropertySource$StubPropertySource
2024-12-21 11:38:03.149 INFO  c.u.j.EncryptablePropertySourceConverter.makeEncryptable T[restartedMain] CID[] SVC[] ORIG[] COMP[] ORG[] UID[] SID[] IP[] DUR[] STS[] [] [] Skipping PropertySource servletContextInitParams [class org.springframework.core.env.PropertySource$StubPropertySource
2024-12-21 11:38:03.150 INFO  c.u.j.EncryptablePropertySourceConverter.makeEncryptable T[restartedMain] CID[] SVC[] ORIG[] COMP[] ORG[] UID[] SID[] IP[] DUR[] STS[] [] [] Converting PropertySource systemProperties [org.springframework.core.env.PropertiesPropertySource] to EncryptableMapPropertySourceWrapper
2024-12-21 11:38:03.150 INFO  c.u.j.EncryptablePropertySourceConverter.makeEncryptable T[restartedMain] CID[] SVC[] ORIG[] COMP[] ORG[] UID[] SID[] IP[] DUR[] STS[] [] [] Converting PropertySource systemEnvironment [org.springframework.boot.env.SystemEnvironmentPropertySourceEnvironmentPostProcessor$OriginAwareSystemEnvironmentPropertySource] to EncryptableSystemEnvironmentPropertySourceWrapper
2024-12-21 11:38:03.151 INFO  c.u.j.EncryptablePropertySourceConverter.makeEncryptable T[restartedMain] CID[] SVC[] ORIG[] COMP[] ORG[] UID[] SID[] IP[] DUR[] STS[] [] [] Converting PropertySource random [org.springframework.boot.env.RandomValuePropertySource] to EncryptablePropertySourceWrapper
2024-12-21 11:38:03.152 INFO  c.u.j.EncryptablePropertySourceConverter.makeEncryptable T[restartedMain] CID[] SVC[] ORIG[] COMP[] ORG[] UID[] SID[] IP[] DUR[] STS[] [] [] Converting PropertySource cachedrandom [org.springframework.cloud.util.random.CachedRandomPropertySource] to EncryptablePropertySourceWrapper
2024-12-21 11:38:03.152 INFO  c.u.j.EncryptablePropertySourceConverter.makeEncryptable T[restartedMain] CID[] SVC[] ORIG[] COMP[] ORG[] UID[] SID[] IP[] DUR[] STS[] [] [] Converting PropertySource configServerClient [org.springframework.core.env.MapPropertySource] to EncryptableMapPropertySourceWrapper
2024-12-21 11:38:03.152 INFO  c.u.j.EncryptablePropertySourceConverter.makeEncryptable T[restartedMain] CID[] SVC[] ORIG[] COMP[] ORG[] UID[] SID[] IP[] DUR[] STS[] [] [] Converting PropertySource Config resource 'class path resource [application.yml]' via location 'optional:classpath:/' [org.springframework.boot.env.OriginTrackedMapPropertySource] to EncryptableMapPropertySourceWrapper
2024-12-21 11:38:03.153 INFO  c.u.j.EncryptablePropertySourceConverter.makeEncryptable T[restartedMain] CID[] SVC[] ORIG[] COMP[] ORG[] UID[] SID[] IP[] DUR[] STS[] [] [] Converting PropertySource springCloudClientHostInfo [org.springframework.core.env.MapPropertySource] to EncryptableMapPropertySourceWrapper
2024-12-21 11:38:03.153 INFO  c.u.j.EncryptablePropertySourceConverter.makeEncryptable T[restartedMain] CID[] SVC[] ORIG[] COMP[] ORG[] UID[] SID[] IP[] DUR[] STS[] [] [] Converting PropertySource devtools [org.springframework.core.env.MapPropertySource] to EncryptableMapPropertySourceWrapper
2024-12-21 11:38:03.153 INFO  c.u.j.EncryptablePropertySourceConverter.makeEncryptable T[restartedMain] CID[] SVC[] ORIG[] COMP[] ORG[] UID[] SID[] IP[] DUR[] STS[] [] [] Converting PropertySource applicationInfo [org.springframework.boot.ApplicationInfoPropertySource] to EncryptableMapPropertySourceWrapper
2024-12-21 11:38:03.153 INFO  c.u.j.EncryptablePropertySourceConverter.makeEncryptable T[restartedMain] CID[] SVC[] ORIG[] COMP[] ORG[] UID[] SID[] IP[] DUR[] STS[] [] [] Converting PropertySource class path resource [eureka/server.properties] [org.springframework.core.io.support.ResourcePropertySource] to EncryptableMapPropertySourceWrapper
2024-12-21 11:38:03.624 INFO  c.u.j.f.DefaultLazyPropertyFilter.lambda$new$2 T[restartedMain] CID[] SVC[] ORIG[] COMP[] ORG[] UID[] SID[] IP[] DUR[] STS[] [] [] Property Filter custom Bean not found with name 'encryptablePropertyFilter'. Initializing Default Property Filter
2024-12-21 11:38:03.636 INFO  c.u.j.r.DefaultLazyPropertyResolver.lambda$new$2 T[restartedMain] CID[] SVC[] ORIG[] COMP[] ORG[] UID[] SID[] IP[] DUR[] STS[] [] [] Property Resolver custom Bean not found with name 'encryptablePropertyResolver'. Initializing Default Property Resolver
2024-12-21 11:38:03.647 INFO  c.u.j.d.DefaultLazyPropertyDetector.lambda$new$2 T[restartedMain] CID[] SVC[] ORIG[] COMP[] ORG[] UID[] SID[] IP[] DUR[] STS[] [] [] Property Detector custom Bean not found with name 'encryptablePropertyDetector'. Initializing Default Property Detector
2024-12-21 11:38:04.224 INFO  o.s.b.w.e.t.TomcatWebServer.initialize T[restartedMain] CID[] SVC[] ORIG[] COMP[] ORG[] UID[] SID[] IP[] DUR[] STS[] [] [] Tomcat initialized with port 8761 (https)
2024-12-21 11:38:04.248 INFO  o.a.c.h.Http11NioProtocol.log T[restartedMain] CID[] SVC[] ORIG[] COMP[] ORG[] UID[] SID[] IP[] DUR[] STS[] [] [] Initializing ProtocolHandler ["https-jsse-nio-8761"]
2024-12-21 11:38:04.256 INFO  o.a.c.core.StandardService.log T[restartedMain] CID[] SVC[] ORIG[] COMP[] ORG[] UID[] SID[] IP[] DUR[] STS[] [] [] Starting service [Tomcat]
2024-12-21 11:38:04.257 INFO  o.a.c.core.StandardEngine.log T[restartedMain] CID[] SVC[] ORIG[] COMP[] ORG[] UID[] SID[] IP[] DUR[] STS[] [] [] Starting Servlet engine: [Apache Tomcat/10.1.33]
2024-12-21 11:38:04.356 INFO  o.a.c.c.C.[.[.[/].log T[restartedMain] CID[] SVC[] ORIG[] COMP[] ORG[] UID[] SID[] IP[] DUR[] STS[] [] [] Initializing Spring embedded WebApplicationContext
2024-12-21 11:38:04.358 INFO  o.s.b.w.s.c.ServletWebServerApplicationContext.prepareWebApplicationContext T[restartedMain] CID[] SVC[] ORIG[] COMP[] ORG[] UID[] SID[] IP[] DUR[] STS[] [] [] Root WebApplicationContext: initialization completed in 3137 ms
2024-12-21 11:38:04.363 INFO  i.d.m.m.l.c.LoggingAutoConfiguration.<init> T[restartedMain] CID[] SVC[] ORIG[] COMP[] ORG[] UID[] SID[] IP[] DUR[] STS[] [] [] LoggingAutoConfiguration loaded
2024-12-21 11:38:05.599 INFO  c.n.d.p.DiscoveryJerseyProvider.<init> T[restartedMain] CID[] SVC[] ORIG[] COMP[] ORG[] UID[] SID[] IP[] DUR[] STS[] [] [] Using JSON encoding codec LegacyJacksonJson
2024-12-21 11:38:05.599 INFO  c.n.d.p.DiscoveryJerseyProvider.<init> T[restartedMain] CID[] SVC[] ORIG[] COMP[] ORG[] UID[] SID[] IP[] DUR[] STS[] [] [] Using JSON decoding codec LegacyJacksonJson
2024-12-21 11:38:05.776 INFO  c.n.d.p.DiscoveryJerseyProvider.<init> T[restartedMain] CID[] SVC[] ORIG[] COMP[] ORG[] UID[] SID[] IP[] DUR[] STS[] [] [] Using XML encoding codec XStreamXml
2024-12-21 11:38:05.777 INFO  c.n.d.p.DiscoveryJerseyProvider.<init> T[restartedMain] CID[] SVC[] ORIG[] COMP[] ORG[] UID[] SID[] IP[] DUR[] STS[] [] [] Using XML decoding codec XStreamXml
2024-12-21 11:38:06.329 INFO  c.z.h.HikariDataSource.getConnection T[restartedMain] CID[] SVC[] ORIG[] COMP[] ORG[] UID[] SID[] IP[] DUR[] STS[] [] [] authdb - Starting...
2024-12-21 11:38:06.841 INFO  c.z.hikari.pool.HikariPool.checkFailFast T[restartedMain] CID[] SVC[] ORIG[] COMP[] ORG[] UID[] SID[] IP[] DUR[] STS[] [] [] authdb - Added connection com.mysql.cj.jdbc.ConnectionImpl@1351ae40
2024-12-21 11:38:06.842 INFO  c.z.h.HikariDataSource.getConnection T[restartedMain] CID[] SVC[] ORIG[] COMP[] ORG[] UID[] SID[] IP[] DUR[] STS[] [] [] authdb - Start completed.
2024-12-21 11:38:06.885 INFO  o.f.core.FlywayExecutor.info T[restartedMain] CID[] SVC[] ORIG[] COMP[] ORG[] UID[] SID[] IP[] DUR[] STS[] [] [] Database: jdbc:mysql://mysql.local.localtest.me:3306/trzxs9_auth_db?createDatabaseIfNotExist=true&autoReconnect=true (MySQL 9.1)
2024-12-21 11:38:06.907 WARN  o.f.c.i.d.base.Database.warn T[restartedMain] CID[] SVC[] ORIG[] COMP[] ORG[] UID[] SID[] IP[] DUR[] STS[] [] [] Flyway upgrade recommended: MySQL 9.1 is newer than this version of Flyway and support has not been tested. The latest supported version of MySQL is 8.1.
2024-12-21 11:38:06.940 INFO  o.f.c.i.s.JdbcTableSchemaHistory.info T[restartedMain] CID[] SVC[] ORIG[] COMP[] ORG[] UID[] SID[] IP[] DUR[] STS[] [] [] Schema history table `trzxs9_auth_db`.`flyway_schema_history` does not exist yet
2024-12-21 11:38:06.946 INFO  o.f.c.i.command.DbValidate.info T[restartedMain] CID[] SVC[] ORIG[] COMP[] ORG[] UID[] SID[] IP[] DUR[] STS[] [] [] Successfully validated 1 migration (execution time 00:00.029s)
2024-12-21 11:38:06.974 INFO  o.f.c.i.s.JdbcTableSchemaHistory.info T[restartedMain] CID[] SVC[] ORIG[] COMP[] ORG[] UID[] SID[] IP[] DUR[] STS[] [] [] Creating Schema History table `trzxs9_auth_db`.`flyway_schema_history` ...
2024-12-21 11:38:07.029 INFO  o.f.c.i.command.DbMigrate.info T[restartedMain] CID[] SVC[] ORIG[] COMP[] ORG[] UID[] SID[] IP[] DUR[] STS[] [] [] Current version of schema `trzxs9_auth_db`: << Empty Schema >>
2024-12-21 11:38:07.041 INFO  o.f.c.i.command.DbMigrate.info T[restartedMain] CID[] SVC[] ORIG[] COMP[] ORG[] UID[] SID[] IP[] DUR[] STS[] [] [] Migrating schema `trzxs9_auth_db` to version "1.0 - InitialSchemaSetup"
2024-12-21 11:38:07.049 WARN  o.f.c.i.s.DefaultSqlScriptExecutor.warn T[restartedMain] CID[] SVC[] ORIG[] COMP[] ORG[] UID[] SID[] IP[] DUR[] STS[] [] [] DB: Can't create database 'trzxs9_auth_db'; database exists (SQL State: HY000 - Error Code: 1007)
2024-12-21 11:38:07.053 WARN  o.f.c.i.s.DefaultSqlScriptExecutor.warn T[restartedMain] CID[] SVC[] ORIG[] COMP[] ORG[] UID[] SID[] IP[] DUR[] STS[] [] [] DB: 'utf8' is currently an alias for the character set UTF8MB3, but will be an alias for UTF8MB4 in a future release. Please consider using UTF8MB4 in order to be unambiguous. (SQL State: HY000 - Error Code: 3719)
2024-12-21 11:38:07.059 WARN  o.f.c.i.s.DefaultSqlScriptExecutor.warn T[restartedMain] CID[] SVC[] ORIG[] COMP[] ORG[] UID[] SID[] IP[] DUR[] STS[] [] [] DB: 'utf8' is currently an alias for the character set UTF8MB3, but will be an alias for UTF8MB4 in a future release. Please consider using UTF8MB4 in order to be unambiguous. (SQL State: HY000 - Error Code: 3719)
2024-12-21 11:38:07.067 WARN  o.f.c.i.s.DefaultSqlScriptExecutor.warn T[restartedMain] CID[] SVC[] ORIG[] COMP[] ORG[] UID[] SID[] IP[] DUR[] STS[] [] [] DB: 'utf8' is currently an alias for the character set UTF8MB3, but will be an alias for UTF8MB4 in a future release. Please consider using UTF8MB4 in order to be unambiguous. (SQL State: HY000 - Error Code: 3719)
2024-12-21 11:38:07.074 WARN  o.f.c.i.s.DefaultSqlScriptExecutor.warn T[restartedMain] CID[] SVC[] ORIG[] COMP[] ORG[] UID[] SID[] IP[] DUR[] STS[] [] [] DB: 'utf8' is currently an alias for the character set UTF8MB3, but will be an alias for UTF8MB4 in a future release. Please consider using UTF8MB4 in order to be unambiguous. (SQL State: HY000 - Error Code: 3719)
2024-12-21 11:38:07.084 WARN  o.f.c.i.s.DefaultSqlScriptExecutor.warn T[restartedMain] CID[] SVC[] ORIG[] COMP[] ORG[] UID[] SID[] IP[] DUR[] STS[] [] [] DB: Duplicate index 'FKgd3iendaoyh04b95ykqise6qh' defined on the table 'trzxs9_auth_db.USERS_ROLES'. This is deprecated and will be disallowed in a future release. (SQL State: HY000 - Error Code: 1831)
2024-12-21 11:38:07.088 WARN  o.f.c.i.s.DefaultSqlScriptExecutor.warn T[restartedMain] CID[] SVC[] ORIG[] COMP[] ORG[] UID[] SID[] IP[] DUR[] STS[] [] [] DB: 'utf8' is currently an alias for the character set UTF8MB3, but will be an alias for UTF8MB4 in a future release. Please consider using UTF8MB4 in order to be unambiguous. (SQL State: HY000 - Error Code: 3719)
2024-12-21 11:38:07.130 INFO  o.f.c.i.command.DbMigrate.info T[restartedMain] CID[] SVC[] ORIG[] COMP[] ORG[] UID[] SID[] IP[] DUR[] STS[] [] [] Successfully applied 1 migration to schema `trzxs9_auth_db`, now at version v1.0 (execution time 00:00.054s)
2024-12-21 11:38:07.214 INFO  o.s.c.i.s.PathMatchingResourcePatternResolver.doFindPathMatchingFileResources T[restartedMain] CID[] SVC[] ORIG[] COMP[] ORG[] UID[] SID[] IP[] DUR[] STS[] [] [] Skipping search for files matching pattern [**/*.class]: directory [D:\github\devopsnextgenx\app-core-modules\appx-services\app-eureka-config-service\target\classes\io\devopsnextgenx\microservices\modules\models] does not exist
2024-12-21 11:38:07.297 INFO  o.h.j.i.util.LogHelper.logPersistenceUnitInformation T[restartedMain] CID[] SVC[] ORIG[] COMP[] ORG[] UID[] SID[] IP[] DUR[] STS[] [] [] HHH000204: Processing PersistenceUnitInfo [name: default]
2024-12-21 11:38:07.471 INFO  org.hibernate.Version.logVersion T[restartedMain] CID[] SVC[] ORIG[] COMP[] ORG[] UID[] SID[] IP[] DUR[] STS[] [] [] HHH000412: Hibernate ORM core version 6.6.2.Final
2024-12-21 11:38:07.525 INFO  o.h.c.i.RegionFactoryInitiator.initiateService T[restartedMain] CID[] SVC[] ORIG[] COMP[] ORG[] UID[] SID[] IP[] DUR[] STS[] [] [] HHH000026: Second-level cache disabled
2024-12-21 11:38:07.744 INFO  o.s.o.j.p.SpringPersistenceUnitInfo.addTransformer T[restartedMain] CID[] SVC[] ORIG[] COMP[] ORG[] UID[] SID[] IP[] DUR[] STS[] [] [] No LoadTimeWeaver setup: ignoring JPA class transformer
2024-12-21 11:38:07.801 INFO  o.h.o.connections.pooling.initiateService T[restartedMain] CID[] SVC[] ORIG[] COMP[] ORG[] UID[] SID[] IP[] DUR[] STS[] [] [] HHH10001005: Database info:
	Database JDBC URL [Connecting through datasource 'HikariDataSource (authdb)']
	Database driver: undefined/unknown
	Database version: 9.1
	Autocommit mode: undefined/unknown
	Isolation level: undefined/unknown
	Minimum pool size: undefined/unknown
	Maximum pool size: undefined/unknown
2024-12-21 11:38:08.523 INFO  o.h.e.t.j.p.i.JtaPlatformInitiator.initiateService T[restartedMain] CID[] SVC[] ORIG[] COMP[] ORG[] UID[] SID[] IP[] DUR[] STS[] [] [] HHH000489: No JTA platform available (set 'hibernate.transaction.jta.platform' to enable JTA platform integration)
2024-12-21 11:38:08.548 INFO  o.s.o.j.LocalContainerEntityManagerFactoryBean.buildNativeEntityManagerFactory T[restartedMain] CID[] SVC[] ORIG[] COMP[] ORG[] UID[] SID[] IP[] DUR[] STS[] [] [] Initialized JPA EntityManagerFactory for persistence unit 'default'
2024-12-21 11:38:08.591 INFO  i.d.m.m.s.b.BasicSecurityConfiguration.userDetailsService T[restartedMain] CID[] SVC[] ORIG[] COMP[] ORG[] UID[] SID[] IP[] DUR[] STS[] [] [] BasicSecurityConfiguration: userDetailsService
2024-12-21 11:38:08.593 INFO  i.d.m.m.s.b.BasicSecurityConfiguration.passwordEncoder T[restartedMain] CID[] SVC[] ORIG[] COMP[] ORG[] UID[] SID[] IP[] DUR[] STS[] [] [] BasicSecurityConfiguration: passwordEncoder
2024-12-21 11:38:08.670 WARN  o.s.b.a.o.j.JpaBaseConfiguration$JpaWebConfiguration.openEntityManagerInViewInterceptor T[restartedMain] CID[] SVC[] ORIG[] COMP[] ORG[] UID[] SID[] IP[] DUR[] STS[] [] [] spring.jpa.open-in-view is enabled by default. Therefore, database queries may be performed during view rendering. Explicitly configure spring.jpa.open-in-view to disable this warning
2024-12-21 11:38:08.728 INFO  o.s.s.c.a.a.c.InitializeUserDetailsBeanManagerConfigurer$InitializeUserDetailsManagerConfigurer.configure T[restartedMain] CID[] SVC[] ORIG[] COMP[] ORG[] UID[] SID[] IP[] DUR[] STS[] [] [] Global AuthenticationManager configured with UserDetailsService bean with name userDetailsService
2024-12-21 11:38:09.789 INFO  o.s.b.a.e.w.EndpointLinksResolver.<init> T[restartedMain] CID[] SVC[] ORIG[] COMP[] ORG[] UID[] SID[] IP[] DUR[] STS[] [] [] Exposing 18 endpoints beneath base path '/actuator'
2024-12-21 11:38:09.825 INFO  i.d.m.m.s.b.BasicSecurityConfiguration.basicFilterChain T[restartedMain] CID[] SVC[] ORIG[] COMP[] ORG[] UID[] SID[] IP[] DUR[] STS[] [] [] SecurityFilterChain: basicFilterChain
2024-12-21 11:38:09.942 DEBUG o.s.s.w.DefaultSecurityFilterChain.<init> T[restartedMain] CID[] SVC[] ORIG[] COMP[] ORG[] UID[] SID[] IP[] DUR[] STS[] [] [] Will secure Or [Mvc [pattern='/']] with filters: DisableEncodeUrlFilter, WebAsyncManagerIntegrationFilter, SecurityContextHolderFilter, HeaderWriterFilter, LogoutFilter, BasicAuthenticationFilter, RequestCacheAwareFilter, SecurityContextHolderAwareRequestFilter, AnonymousAuthenticationFilter, ExceptionTranslationFilter, AuthorizationFilter
2024-12-21 11:38:10.500 INFO  o.s.b.d.a.OptionalLiveReloadServer.startServer T[restartedMain] CID[] SVC[] ORIG[] COMP[] ORG[] UID[] SID[] IP[] DUR[] STS[] [] [] LiveReload server is running on port 35729
2024-12-21 11:38:10.767 WARN  o.s.c.l.c.LoadBalancerCacheAutoConfiguration$LoadBalancerCaffeineWarnLogger.afterPropertiesSet T[restartedMain] CID[] SVC[] ORIG[] COMP[] ORG[] UID[] SID[] IP[] DUR[] STS[] [] [] Spring Cloud LoadBalancer is currently working with the default cache. While this cache implementation is useful for development and tests, it's recommended to use Caffeine cache in production.You can switch to using Caffeine cache, by adding it and org.springframework.cache.caffeine.CaffeineCacheManager to the classpath.
2024-12-21 11:38:10.785 INFO  o.s.c.n.e.InstanceInfoFactory.create T[restartedMain] CID[] SVC[] ORIG[] COMP[] ORG[] UID[] SID[] IP[] DUR[] STS[] [] [] Setting initial instance status as: STARTING
2024-12-21 11:38:10.799 INFO  c.n.d.DiscoveryClient.<init> T[restartedMain] CID[] SVC[] ORIG[] COMP[] ORG[] UID[] SID[] IP[] DUR[] STS[] [] [] Initializing Eureka in region default
2024-12-21 11:38:10.800 INFO  c.n.d.DiscoveryClient.<init> T[restartedMain] CID[] SVC[] ORIG[] COMP[] ORG[] UID[] SID[] IP[] DUR[] STS[] [] [] Client configured to neither register nor query for data.
2024-12-21 11:38:10.801 INFO  c.n.d.DiscoveryClient.<init> T[restartedMain] CID[] SVC[] ORIG[] COMP[] ORG[] UID[] SID[] IP[] DUR[] STS[] [] [] Discovery Client initialized at timestamp 1734799090800 with initial instances count: 0
2024-12-21 11:38:10.834 INFO  c.n.e.DefaultEurekaServerContext.initialize T[restartedMain] CID[] SVC[] ORIG[] COMP[] ORG[] UID[] SID[] IP[] DUR[] STS[] [] [] Initializing ...
2024-12-21 11:38:10.836 INFO  c.n.e.c.PeerEurekaNodes.updatePeerEurekaNodes T[restartedMain] CID[] SVC[] ORIG[] COMP[] ORG[] UID[] SID[] IP[] DUR[] STS[] [] [] Adding new peer nodes [https://config:password@eureka.appx.localtest.me:8761/eureka/]
2024-12-21 11:38:10.886 INFO  c.n.d.p.DiscoveryJerseyProvider.<init> T[restartedMain] CID[] SVC[] ORIG[] COMP[] ORG[] UID[] SID[] IP[] DUR[] STS[] [] [] Using JSON encoding codec LegacyJacksonJson
2024-12-21 11:38:10.887 INFO  c.n.d.p.DiscoveryJerseyProvider.<init> T[restartedMain] CID[] SVC[] ORIG[] COMP[] ORG[] UID[] SID[] IP[] DUR[] STS[] [] [] Using JSON decoding codec LegacyJacksonJson
2024-12-21 11:38:10.887 INFO  c.n.d.p.DiscoveryJerseyProvider.<init> T[restartedMain] CID[] SVC[] ORIG[] COMP[] ORG[] UID[] SID[] IP[] DUR[] STS[] [] [] Using XML encoding codec XStreamXml
2024-12-21 11:38:10.887 INFO  c.n.d.p.DiscoveryJerseyProvider.<init> T[restartedMain] CID[] SVC[] ORIG[] COMP[] ORG[] UID[] SID[] IP[] DUR[] STS[] [] [] Using XML decoding codec XStreamXml
2024-12-21 11:38:10.917 INFO  c.n.e.c.PeerEurekaNodes.start T[restartedMain] CID[] SVC[] ORIG[] COMP[] ORG[] UID[] SID[] IP[] DUR[] STS[] [] [] Replica node URL:  https://config:password@eureka.appx.localtest.me:8761/eureka/
2024-12-21 11:38:10.922 INFO  c.n.e.r.AbstractInstanceRegistry.initRemoteRegionRegistry T[restartedMain] CID[] SVC[] ORIG[] COMP[] ORG[] UID[] SID[] IP[] DUR[] STS[] [] [] Finished initializing remote region registries. All known remote regions: []
2024-12-21 11:38:10.922 INFO  c.n.e.DefaultEurekaServerContext.initialize T[restartedMain] CID[] SVC[] ORIG[] COMP[] ORG[] UID[] SID[] IP[] DUR[] STS[] [] [] Initialized
2024-12-21 11:38:10.989 INFO  o.s.c.n.e.s.EurekaServiceRegistry.register T[restartedMain] CID[] SVC[] ORIG[] COMP[] ORG[] UID[] SID[] IP[] DUR[] STS[] [] [] Registering application APPX-OAUTH-SERVICE with eureka with status UP
2024-12-21 11:38:10.990 INFO  o.a.c.h.Http11NioProtocol.log T[restartedMain] CID[] SVC[] ORIG[] COMP[] ORG[] UID[] SID[] IP[] DUR[] STS[] [] [] Starting ProtocolHandler ["https-jsse-nio-8761"]
2024-12-21 11:38:11.000 INFO  o.s.c.n.e.s.EurekaServerBootstrap.isAws T[Thread-15] CID[] SVC[] ORIG[] COMP[] ORG[] UID[] SID[] IP[] DUR[] STS[] [] [] isAws returned false
2024-12-21 11:38:11.000 INFO  o.s.c.n.e.s.EurekaServerBootstrap.initEurekaServerContext T[Thread-15] CID[] SVC[] ORIG[] COMP[] ORG[] UID[] SID[] IP[] DUR[] STS[] [] [] Initialized server context
2024-12-21 11:38:11.000 INFO  c.n.e.r.PeerAwareInstanceRegistryImpl.openForTraffic T[Thread-15] CID[] SVC[] ORIG[] COMP[] ORG[] UID[] SID[] IP[] DUR[] STS[] [] [] Got 1 instances from neighboring DS node
2024-12-21 11:38:11.000 INFO  c.n.e.r.PeerAwareInstanceRegistryImpl.openForTraffic T[Thread-15] CID[] SVC[] ORIG[] COMP[] ORG[] UID[] SID[] IP[] DUR[] STS[] [] [] Renew threshold is: 0
2024-12-21 11:38:11.001 INFO  c.n.e.r.PeerAwareInstanceRegistryImpl.openForTraffic T[Thread-15] CID[] SVC[] ORIG[] COMP[] ORG[] UID[] SID[] IP[] DUR[] STS[] [] [] Changing status to UP
2024-12-21 11:38:11.002 INFO  o.s.c.n.e.s.EurekaServerInitializerConfiguration.lambda$start$0 T[Thread-15] CID[] SVC[] ORIG[] COMP[] ORG[] UID[] SID[] IP[] DUR[] STS[] [] [] Started Eureka Server
2024-12-21 11:38:11.025 INFO  o.a.t.u.n.N.certificate.log T[restartedMain] CID[] SVC[] ORIG[] COMP[] ORG[] UID[] SID[] IP[] DUR[] STS[] [] [] Connector [https-jsse-nio-8761], TLS virtual host [_default_], certificate type [UNDEFINED] configured from keystore [C:\Users\trzxs9\.keystore] using alias [appx] with trust store [null]
2024-12-21 11:38:11.039 INFO  o.s.b.w.e.t.TomcatWebServer.start T[restartedMain] CID[] SVC[] ORIG[] COMP[] ORG[] UID[] SID[] IP[] DUR[] STS[] [] [] Tomcat started on port 8761 (https) with context path '/'
2024-12-21 11:38:11.039 INFO  o.s.c.n.e.s.EurekaAutoServiceRegistration.onApplicationEvent T[restartedMain] CID[] SVC[] ORIG[] COMP[] ORG[] UID[] SID[] IP[] DUR[] STS[] [] [] Updating port to 8761
2024-12-21 11:38:11.039 INFO  c.u.j.c.RefreshScopeRefreshedEventListener.onApplicationEvent T[restartedMain] CID[] SVC[] ORIG[] COMP[] ORG[] UID[] SID[] IP[] DUR[] STS[] [] [] Refreshing cached encryptable property sources on ServletWebServerInitializedEvent
2024-12-21 11:38:11.040 INFO  c.u.j.c.CachingDelegateEncryptablePropertySource.refresh T[restartedMain] CID[] SVC[] ORIG[] COMP[] ORG[] UID[] SID[] IP[] DUR[] STS[] [] [] Property Source commandLineArgs refreshed
2024-12-21 11:38:11.040 INFO  c.u.j.c.CachingDelegateEncryptablePropertySource.refresh T[restartedMain] CID[] SVC[] ORIG[] COMP[] ORG[] UID[] SID[] IP[] DUR[] STS[] [] [] Property Source systemProperties refreshed
2024-12-21 11:38:11.040 INFO  c.u.j.c.CachingDelegateEncryptablePropertySource.refresh T[restartedMain] CID[] SVC[] ORIG[] COMP[] ORG[] UID[] SID[] IP[] DUR[] STS[] [] [] Property Source systemEnvironment refreshed
2024-12-21 11:38:11.040 INFO  c.u.j.c.CachingDelegateEncryptablePropertySource.refresh T[restartedMain] CID[] SVC[] ORIG[] COMP[] ORG[] UID[] SID[] IP[] DUR[] STS[] [] [] Property Source random refreshed
2024-12-21 11:38:11.041 INFO  c.u.j.c.CachingDelegateEncryptablePropertySource.refresh T[restartedMain] CID[] SVC[] ORIG[] COMP[] ORG[] UID[] SID[] IP[] DUR[] STS[] [] [] Property Source cachedrandom refreshed
2024-12-21 11:38:11.041 INFO  c.u.j.c.CachingDelegateEncryptablePropertySource.refresh T[restartedMain] CID[] SVC[] ORIG[] COMP[] ORG[] UID[] SID[] IP[] DUR[] STS[] [] [] Property Source configServerClient refreshed
2024-12-21 11:38:11.041 INFO  c.u.j.c.CachingDelegateEncryptablePropertySource.refresh T[restartedMain] CID[] SVC[] ORIG[] COMP[] ORG[] UID[] SID[] IP[] DUR[] STS[] [] [] Property Source Config resource 'class path resource [application.yml]' via location 'optional:classpath:/' refreshed
2024-12-21 11:38:11.041 INFO  c.u.j.c.CachingDelegateEncryptablePropertySource.refresh T[restartedMain] CID[] SVC[] ORIG[] COMP[] ORG[] UID[] SID[] IP[] DUR[] STS[] [] [] Property Source springCloudClientHostInfo refreshed
2024-12-21 11:38:11.041 INFO  c.u.j.c.CachingDelegateEncryptablePropertySource.refresh T[restartedMain] CID[] SVC[] ORIG[] COMP[] ORG[] UID[] SID[] IP[] DUR[] STS[] [] [] Property Source devtools refreshed
2024-12-21 11:38:11.041 INFO  c.u.j.c.CachingDelegateEncryptablePropertySource.refresh T[restartedMain] CID[] SVC[] ORIG[] COMP[] ORG[] UID[] SID[] IP[] DUR[] STS[] [] [] Property Source applicationInfo refreshed
2024-12-21 11:38:11.041 INFO  c.u.j.c.CachingDelegateEncryptablePropertySource.refresh T[restartedMain] CID[] SVC[] ORIG[] COMP[] ORG[] UID[] SID[] IP[] DUR[] STS[] [] [] Property Source class path resource [eureka/server.properties] refreshed
2024-12-21 11:38:11.041 INFO  c.u.j.EncryptablePropertySourceConverter.makeEncryptable T[restartedMain] CID[] SVC[] ORIG[] COMP[] ORG[] UID[] SID[] IP[] DUR[] STS[] [] [] Skipping PropertySource configurationProperties [class org.springframework.boot.context.properties.source.ConfigurationPropertySourcesPropertySource
2024-12-21 11:38:11.041 INFO  c.u.j.EncryptablePropertySourceConverter.makeEncryptable T[restartedMain] CID[] SVC[] ORIG[] COMP[] ORG[] UID[] SID[] IP[] DUR[] STS[] [] [] Skipping PropertySource servletConfigInitParams [class org.springframework.core.env.PropertySource$StubPropertySource
2024-12-21 11:38:11.041 INFO  c.u.j.EncryptablePropertySourceConverter.makeEncryptable T[restartedMain] CID[] SVC[] ORIG[] COMP[] ORG[] UID[] SID[] IP[] DUR[] STS[] [] [] Converting PropertySource servletContextInitParams [org.springframework.web.context.support.ServletContextPropertySource] to EncryptableEnumerablePropertySourceWrapper
2024-12-21 11:38:11.041 INFO  c.u.j.EncryptablePropertySourceConverter.makeEncryptable T[restartedMain] CID[] SVC[] ORIG[] COMP[] ORG[] UID[] SID[] IP[] DUR[] STS[] [] [] Converting PropertySource Management Server [org.springframework.boot.actuate.autoconfigure.web.server.ManagementContextAutoConfiguration$SameManagementContextConfiguration$1] to EncryptablePropertySourceWrapper
2024-12-21 11:38:11.162 INFO  i.d.m.m.e.EurekaConfigServerApplication.logStarted T[restartedMain] CID[] SVC[] ORIG[] COMP[] ORG[] UID[] SID[] IP[] DUR[] STS[] [] [] Started EurekaConfigServerApplication in 10.618 seconds (process running for 11.354)
2024-12-21 11:38:11.170 INFO  i.d.m.m.e.c.SecurityConfiguration.onApplicationReadyEvent T[restartedMain] CID[] SVC[] ORIG[] COMP[] ORG[] UID[] SID[] IP[] DUR[] STS[] [] [] UserList: 1
[INFO] ------------------------------------------------------------------------
[INFO] BUILD SUCCESS
[INFO] ------------------------------------------------------------------------
[INFO] Total time:  14.866 s
[INFO] Finished at: 2024-12-21T11:38:11-05:00
[INFO] ------------------------------------------------------------------------
2024-12-21 11:38:11.610 INFO  i.d.m.m.e.c.SecurityConfiguration.onApplicationReadyEvent T[restartedMain] CID[] SVC[] ORIG[] COMP[] ORG[] UID[] SID[] IP[] DUR[] STS[] [] [] User: admin Password: $2a$10$TtS/TO/.8gySeggzatDDEOutmfMxEgnLhZupltEeHBwfqXZ3XjU4O
2024-12-21 11:39:11.005 INFO  c.n.e.r.AbstractInstanceRegistry.run T[Eureka-EvictionTimer] CID[] SVC[] ORIG[] COMP[] ORG[] UID[] SID[] IP[] DUR[] STS[] [] [] Running the evict task with compensationTime 0ms
2024-12-21 11:39:14.604 INFO  o.a.c.c.C.[.[.[/].log T[https-jsse-nio-8761-exec-4] CID[] SVC[] ORIG[] COMP[] ORG[] UID[] SID[] IP[] DUR[] STS[] [] [] Initializing Spring DispatcherServlet 'dispatcherServlet'
2024-12-21 11:39:14.604 INFO  o.s.w.s.DispatcherServlet.initServletBean T[https-jsse-nio-8761-exec-4] CID[] SVC[] ORIG[] COMP[] ORG[] UID[] SID[] IP[] DUR[] STS[] [] [] Initializing Servlet 'dispatcherServlet'
2024-12-21 11:39:14.606 INFO  o.s.w.s.DispatcherServlet.initServletBean T[https-jsse-nio-8761-exec-4] CID[] SVC[] ORIG[] COMP[] ORG[] UID[] SID[] IP[] DUR[] STS[] [] [] Completed initialization in 1 ms
2024-12-21 11:39:14.651 DEBUG o.s.s.web.FilterChainProxy.doFilterInternal T[https-jsse-nio-8761-exec-4] CID[] SVC[] ORIG[] COMP[] ORG[] UID[] SID[] IP[] DUR[] STS[] [] [] Securing GET /
2024-12-21 11:39:14.670 DEBUG o.s.s.w.a.AnonymousAuthenticationFilter.defaultWithAnonymous T[https-jsse-nio-8761-exec-4] CID[] SVC[] ORIG[] COMP[] ORG[] UID[] SID[] IP[] DUR[] STS[] [] [] Set SecurityContextHolder to anonymous SecurityContext
2024-12-21 11:39:14.695 DEBUG o.s.s.w.s.HttpSessionRequestCache.saveRequest T[https-jsse-nio-8761-exec-4] CID[] SVC[] ORIG[] COMP[] ORG[] UID[] SID[] IP[] DUR[] STS[] [] [] Saved request https://eureka.appx.localtest.me:8761/?continue to session
2024-12-21 11:39:14.698 DEBUG o.s.s.w.a.DelegatingAuthenticationEntryPoint.commence T[https-jsse-nio-8761-exec-4] CID[] SVC[] ORIG[] COMP[] ORG[] UID[] SID[] IP[] DUR[] STS[] [] [] Trying to match using RequestHeaderRequestMatcher [expectedHeaderName=X-Requested-With, expectedHeaderValue=XMLHttpRequest]
2024-12-21 11:39:14.698 DEBUG o.s.s.w.a.DelegatingAuthenticationEntryPoint.commence T[https-jsse-nio-8761-exec-4] CID[] SVC[] ORIG[] COMP[] ORG[] UID[] SID[] IP[] DUR[] STS[] [] [] No match found. Using default entry point org.springframework.security.web.authentication.www.BasicAuthenticationEntryPoint@21c0a756
2024-12-21 11:39:24.580 DEBUG o.s.s.web.FilterChainProxy.doFilterInternal T[https-jsse-nio-8761-exec-3] CID[] SVC[] ORIG[] COMP[] ORG[] UID[] SID[] IP[] DUR[] STS[] [] [] Securing GET /
2024-12-21 11:39:24.727 INFO  i.d.m.m.s.AppxUserDetailsService.loadUserByUsername T[https-jsse-nio-8761-exec-3] CID[] SVC[] ORIG[] COMP[] ORG[] UID[] SID[] IP[] DUR[] STS[] [] [] UserDetailsService: admin@devopsnextgenx.io
2024-12-21 11:39:24.796 DEBUG o.s.s.a.d.DaoAuthenticationProvider.createSuccessAuthentication T[https-jsse-nio-8761-exec-3] CID[] SVC[] ORIG[] COMP[] ORG[] UID[] SID[] IP[] DUR[] STS[] [] [] Authenticated user
2024-12-21 11:39:24.798 DEBUG o.s.s.w.a.w.BasicAuthenticationFilter.doFilterInternal T[https-jsse-nio-8761-exec-3] CID[] SVC[] ORIG[] COMP[] ORG[] UID[] SID[] IP[] DUR[] STS[] [] [] Set SecurityContextHolder to UsernamePasswordAuthenticationToken [Principal=io.devopsnextgenx.microservices.modules.principal.AppxUserPrincipal@3007e491, Credentials=[PROTECTED], Authenticated=true, Details=WebAuthenticationDetails [RemoteIpAddress=127.0.0.1, SessionId=43DCD5366B2C6D33C0F17C44251D8CEA], Granted Authorities=[Role(name=SYSTEM_ADMINISTRATOR), Role(name=ORGANIZATION_ADMINISTRATOR), Role(name=DATA_MANAGER), Role(name=COMPANY_ADMINISTRATOR), Role(name=SERVICE_ACCOUNT)]]
2024-12-21 11:39:24.798 DEBUG o.s.s.web.FilterChainProxy.lambda$doFilterInternal$3 T[https-jsse-nio-8761-exec-3] CID[] SVC[] ORIG[] COMP[] ORG[] UID[] SID[] IP[] DUR[] STS[] [] [] Secured GET /
2024-12-21 11:40:11.021 INFO  c.n.e.r.AbstractInstanceRegistry.run T[Eureka-EvictionTimer] CID[] SVC[] ORIG[] COMP[] ORG[] UID[] SID[] IP[] DUR[] STS[] [] [] Running the evict task with compensationTime 15ms
2024-12-21 11:40:22.071 INFO  o.s.b.a.SpringApplicationAdminMXBeanRegistrar$SpringApplicationAdmin.shutdown T[RMI TCP Connection(6)-127.0.0.1] CID[] SVC[] ORIG[] COMP[] ORG[] UID[] SID[] IP[] DUR[] STS[] [] [] Application shutdown requested.
2024-12-21 11:40:22.072 INFO  o.s.c.n.e.s.EurekaServiceRegistry.deregister T[RMI TCP Connection(6)-127.0.0.1] CID[] SVC[] ORIG[] COMP[] ORG[] UID[] SID[] IP[] DUR[] STS[] [] [] Unregistering application APPX-OAUTH-SERVICE with eureka with status DOWN
2024-12-21 11:40:22.074 INFO  o.s.b.w.e.t.GracefulShutdown.shutDownGracefully T[RMI TCP Connection(6)-127.0.0.1] CID[] SVC[] ORIG[] COMP[] ORG[] UID[] SID[] IP[] DUR[] STS[] [] [] Commencing graceful shutdown. Waiting for active requests to complete
2024-12-21 11:40:22.075 INFO  o.a.c.h.Http11NioProtocol.log T[tomcat-shutdown] CID[] SVC[] ORIG[] COMP[] ORG[] UID[] SID[] IP[] DUR[] STS[] [] [] Pausing ProtocolHandler ["https-jsse-nio-8761"]
2024-12-21 11:40:22.428 INFO  o.s.b.w.e.t.GracefulShutdown.doShutdown T[tomcat-shutdown] CID[] SVC[] ORIG[] COMP[] ORG[] UID[] SID[] IP[] DUR[] STS[] [] [] Graceful shutdown complete
2024-12-21 11:40:22.429 INFO  o.a.c.h.Http11NioProtocol.log T[RMI TCP Connection(6)-127.0.0.1] CID[] SVC[] ORIG[] COMP[] ORG[] UID[] SID[] IP[] DUR[] STS[] [] [] Stopping ProtocolHandler ["https-jsse-nio-8761"]
2024-12-21 11:40:22.431 INFO  o.s.c.n.e.s.EurekaServerBootstrap.contextDestroyed T[RMI TCP Connection(6)-127.0.0.1] CID[] SVC[] ORIG[] COMP[] ORG[] UID[] SID[] IP[] DUR[] STS[] [] [] Shutting down Eureka Server..
2024-12-21 11:40:22.431 INFO  c.n.e.DefaultEurekaServerContext.shutdown T[RMI TCP Connection(6)-127.0.0.1] CID[] SVC[] ORIG[] COMP[] ORG[] UID[] SID[] IP[] DUR[] STS[] [] [] Shutting down ...
2024-12-21 11:40:22.432 INFO  c.n.e.DefaultEurekaServerContext.shutdown T[RMI TCP Connection(6)-127.0.0.1] CID[] SVC[] ORIG[] COMP[] ORG[] UID[] SID[] IP[] DUR[] STS[] [] [] Shut down
2024-12-21 11:40:22.433 INFO  o.s.c.n.e.s.EurekaServerBootstrap.contextDestroyed T[RMI TCP Connection(6)-127.0.0.1] CID[] SVC[] ORIG[] COMP[] ORG[] UID[] SID[] IP[] DUR[] STS[] [] [] Eureka Service is now shutdown...
2024-12-21 11:40:22.433 INFO  c.n.e.DefaultEurekaServerContext.shutdown T[RMI TCP Connection(6)-127.0.0.1] CID[] SVC[] ORIG[] COMP[] ORG[] UID[] SID[] IP[] DUR[] STS[] [] [] Shutting down ...
2024-12-21 11:40:22.433 INFO  c.n.e.DefaultEurekaServerContext.shutdown T[RMI TCP Connection(6)-127.0.0.1] CID[] SVC[] ORIG[] COMP[] ORG[] UID[] SID[] IP[] DUR[] STS[] [] [] Shut down
2024-12-21 11:40:22.441 INFO  o.s.o.j.LocalContainerEntityManagerFactoryBean.destroy T[RMI TCP Connection(6)-127.0.0.1] CID[] SVC[] ORIG[] COMP[] ORG[] UID[] SID[] IP[] DUR[] STS[] [] [] Closing JPA EntityManagerFactory for persistence unit 'default'
2024-12-21 11:40:22.446 INFO  c.z.h.HikariDataSource.close T[RMI TCP Connection(6)-127.0.0.1] CID[] SVC[] ORIG[] COMP[] ORG[] UID[] SID[] IP[] DUR[] STS[] [] [] authdb - Shutdown initiated...
2024-12-21 11:40:22.461 INFO  c.z.h.HikariDataSource.close T[RMI TCP Connection(6)-127.0.0.1] CID[] SVC[] ORIG[] COMP[] ORG[] UID[] SID[] IP[] DUR[] STS[] [] [] authdb - Shutdown completed.
2024-12-21 11:40:22.462 INFO  c.n.d.DiscoveryClient.shutdown T[RMI TCP Connection(6)-127.0.0.1] CID[] SVC[] ORIG[] COMP[] ORG[] UID[] SID[] IP[] DUR[] STS[] [] [] Shutting down DiscoveryClient ...
2024-12-21 11:40:22.462 INFO  c.n.d.DiscoveryClient.shutdown T[RMI TCP Connection(6)-127.0.0.1] CID[] SVC[] ORIG[] COMP[] ORG[] UID[] SID[] IP[] DUR[] STS[] [] [] Completed shut down of DiscoveryClient
